<?xml version="1.0" encoding="UTF-8"?>
<!-- Generated by org.testng.reporters.JUnitReportReporter -->
<testsuite hostname="DESKTOP-BIB7V58" failures="0" tests="1" name="IT.TC_011_RemoveFilter_Test" time="18.468" errors="0" timestamp="2024-04-30T13:43:39 IST" skipped="0">
  <testcase classname="IT.TC_011_RemoveFilter_Test" name="valiadteThatUserIsAbleToGetUnFilteredPage" time="18.468"/>
  <system-out>
    <![CDATA[user is able to get Books Page
user is able to filter the products
user is able to get Page after removing filter]]>
  </system-out>
</testsuite> <!-- IT.TC_011_RemoveFilter_Test -->
