<?xml version="1.0" encoding="UTF-8"?>
<!-- Generated by org.testng.reporters.JUnitReportReporter -->
<testsuite hostname="DESKTOP-BIB7V58" failures="0" tests="1" name="FT.TC_006_EmailFrd_Test" time="13.146" errors="0" timestamp="2024-04-30T13:41:26 IST" skipped="0">
  <testcase classname="FT.TC_006_EmailFrd_Test" name="valiadteThatUserIsAbleToSendMail" time="13.146"/>
  <system-out>
    <![CDATA[user is able to get Books Page
User is able to get Email Friend Page]]>
  </system-out>
</testsuite> <!-- FT.TC_006_EmailFrd_Test -->
