<?xml version="1.0" encoding="UTF-8"?>
<!-- Generated by org.testng.reporters.JUnitReportReporter -->
<testsuite hostname="DESKTOP-BIB7V58" failures="0" tests="1" name="ST.TC_014_UpdateProfile_Test" time="6.597" errors="0" timestamp="2024-04-29T15:26:52 IST" skipped="0">
  <testcase classname="ST.TC_014_UpdateProfile_Test" name="validateUserIsAbleToUpdateProfile" time="6.597"/>
  <system-out>
    <![CDATA[user is able to get Account Info Page
user is able to update the profile]]>
  </system-out>
</testsuite> <!-- ST.TC_014_UpdateProfile_Test -->
