<?xml version="1.0" encoding="UTF-8"?>
<!-- Generated by org.testng.reporters.JUnitReportReporter -->
<testsuite hostname="DESKTOP-BIB7V58" failures="0" tests="1" name="IT.TC_008_ItemInSort_Test" time="6.956" errors="0" timestamp="2024-04-29T15:16:54 IST" skipped="0">
  <testcase classname="IT.TC_008_ItemInSort_Test" name="validateUserIsAbleToSortTheProducts" time="6.956"/>
  <system-out>
    <![CDATA[user is able to get Books Page
user is able to get Books Page Items in the specified order]]>
  </system-out>
</testsuite> <!-- IT.TC_008_ItemInSort_Test -->
