<?xml version="1.0" encoding="UTF-8"?>
<!-- Generated by org.testng.reporters.JUnitReportReporter -->
<testsuite hostname="DESKTOP-BIB7V58" failures="0" tests="1" name="IT.TC_009_SearchedItem_Test" time="5.991" errors="0" timestamp="2024-04-29T15:17:55 IST" skipped="0">
  <testcase classname="IT.TC_009_SearchedItem_Test" name="validateThatUserIsAbleToGetSearchPage" time="5.991"/>
  <system-out>
    <![CDATA[user is able to get searched page
user is able to get searched item list]]>
  </system-out>
</testsuite> <!-- IT.TC_009_SearchedItem_Test -->
