<?xml version="1.0" encoding="UTF-8"?>
<!-- Generated by org.testng.reporters.JUnitReportReporter -->
<testsuite hostname="DESKTOP-BIB7V58" failures="0" tests="1" name="ST.TC_017_OrderList_Test" time="21.225" errors="0" timestamp="2024-04-29T15:29:19 IST" skipped="0">
  <testcase classname="ST.TC_017_OrderList_Test" name="validateThatUserIsAbleToGetItemInOrderList" time="21.225"/>
  <system-out>
    <![CDATA[user is able to get Books Page
User is able to click shopping cart
user is able to get order checkout Page
user is able to place order sucessfully
user is able to get order list page
user is able to get order in the order list]]>
  </system-out>
</testsuite> <!-- ST.TC_017_OrderList_Test -->
