<?xml version="1.0" encoding="UTF-8"?>
<!-- Generated by org.testng.reporters.JUnitReportReporter -->
<testsuite hostname="DESKTOP-BIB7V58" failures="0" tests="1" name="ST.TC_015_UpdateAddress_Test" time="9.025" errors="0" timestamp="2024-04-29T15:27:28 IST" skipped="0">
  <testcase classname="ST.TC_015_UpdateAddress_Test" name="validateUserIsAbleToUpdateAddress" time="9.025"/>
  <system-out>
    <![CDATA[user is able to get Account Info Page
user is able to get Address Page
user is able to update existing Address]]>
  </system-out>
</testsuite> <!-- ST.TC_015_UpdateAddress_Test -->
