<?xml version="1.0" encoding="UTF-8"?>
<!-- Generated by org.testng.reporters.JUnitReportReporter -->
<testsuite hostname="DESKTOP-BIB7V58" failures="0" tests="1" name="IT.TC_010_FilterProduct_Test" time="16.257" errors="0" timestamp="2024-04-30T13:42:46 IST" skipped="0">
  <testcase classname="IT.TC_010_FilterProduct_Test" name="valiadteThatUserIsAbleToGetFilteredItem" time="16.257"/>
  <system-out>
    <![CDATA[user is able to get Books Page
user is able to filter the products]]>
  </system-out>
</testsuite> <!-- IT.TC_010_FilterProduct_Test -->
