<?xml version="1.0" encoding="UTF-8"?>
<!-- Generated by org.testng.reporters.JUnitReportReporter -->
<testsuite hostname="DESKTOP-BIB7V58" failures="0" tests="3" name="FT.TC_001_Register_Test" time="32.679" errors="0" timestamp="2024-04-29T13:59:13 IST" skipped="0">
  <testcase classname="FT.TC_001_Register_Test" name="validateThatUserIsAbleToRegister" time="10.283"/>
  <system-out>
    <![CDATA[User is able to empty browser
User is able to maximize the screen
user is able to open url]]>
  </system-out>
  <testcase classname="FT.TC_001_Register_Test" name="validateThatUserIsAbleToRegister" time="9.620"/>
  <system-out>
    <![CDATA[User is able to empty browser
User is able to maximize the screen
user is able to open url]]>
  </system-out>
  <testcase classname="FT.TC_001_Register_Test" name="validateThatUserIsAbleToRegister" time="12.776"/>
  <system-out>
    <![CDATA[User is able to empty browser
User is able to maximize the screen
user is able to open url]]>
  </system-out>
</testsuite> <!-- FT.TC_001_Register_Test -->
