<?xml version="1.0" encoding="UTF-8"?>
<!-- Generated by org.testng.reporters.JUnitReportReporter -->
<testsuite hostname="DESKTOP-BIB7V58" failures="0" tests="1" name="FT.TC_003_BookItem_Test" time="8.001" errors="0" timestamp="2024-04-29T14:00:06 IST" skipped="0">
  <testcase classname="FT.TC_003_BookItem_Test" name="valiadteThatUserIsAbleToGetBookItem" time="8.001"/>
  <system-out>
    <![CDATA[user is able to get Books Page]]>
  </system-out>
</testsuite> <!-- FT.TC_003_BookItem_Test -->
