<?xml version="1.0" encoding="UTF-8"?>
<!-- Generated by org.testng.reporters.JUnitReportReporter -->
<testsuite hostname="DESKTOP-BIB7V58" failures="0" tests="1" name="ST.TC_013_ChangePass_Test" time="12.157" errors="0" timestamp="2024-04-30T13:45:58 IST" skipped="0">
  <testcase classname="ST.TC_013_ChangePass_Test" name="validateThatUserIsAbleToChangePassword" time="12.157"/>
  <system-out>
    <![CDATA[user is able to get Account Info Page
user is able to get change Password Page
user is able to Change Password]]>
  </system-out>
</testsuite> <!-- ST.TC_013_ChangePass_Test -->
