<?xml version="1.0" encoding="UTF-8"?>
<!-- Generated by org.testng.reporters.JUnitReportReporter -->
<testsuite hostname="DESKTOP-BIB7V58" failures="0" tests="1" name="FT.TC_004_Cart_Test" time="11.256" errors="0" timestamp="2024-04-30T13:38:54 IST" skipped="0">
  <testcase classname="FT.TC_004_Cart_Test" name="validateThatUserIsAbleToClickOnWishlist" time="11.256"/>
  <system-out>
    <![CDATA[User is able to click shopping cart]]>
  </system-out>
</testsuite> <!-- FT.TC_004_Cart_Test -->
