<?xml version="1.0" encoding="UTF-8"?>
<!-- Generated by org.testng.reporters.JUnitReportReporter -->
<testsuite hostname="DESKTOP-BIB7V58" failures="0" tests="1" name="FT.TC_006_EmailFrd_Test" time="7.998" errors="0" timestamp="2024-05-15T17:42:36 IST" skipped="0">
  <testcase classname="FT.TC_006_EmailFrd_Test" name="valiadteThatUserIsAbleToSendMail" time="7.998"/>
  <system-out>
    <![CDATA[user is able to get Books Page
User is able to get Email Friend Page]]>
  </system-out>
</testsuite> <!-- FT.TC_006_EmailFrd_Test -->
