<?xml version="1.0" encoding="UTF-8"?>
<!-- Generated by org.testng.reporters.JUnitReportReporter -->
<testsuite hostname="DESKTOP-BIB7V58" failures="0" tests="3" name="FT.TC_001_Register_Test" time="34.623" errors="0" timestamp="2024-05-15T17:42:36 IST" skipped="0">
  <testcase classname="FT.TC_001_Register_Test" name="validateThatUserIsAbleToRegister" time="8.642"/>
  <system-out>
    <![CDATA[User is able to empty browser
User is able to maximize the screen
user is able to open url]]>
  </system-out>
  <testcase classname="FT.TC_001_Register_Test" name="validateThatUserIsAbleToRegister" time="17.528"/>
  <system-out>
    <![CDATA[User is able to empty browser
User is able to maximize the screen
user is able to open url]]>
  </system-out>
  <testcase classname="FT.TC_001_Register_Test" name="validateThatUserIsAbleToRegister" time="8.453"/>
  <system-out>
    <![CDATA[User is able to empty browser
User is able to maximize the screen
user is able to open url]]>
  </system-out>
</testsuite> <!-- FT.TC_001_Register_Test -->
