<?xml version="1.0" encoding="UTF-8"?>
<!-- Generated by org.testng.reporters.JUnitReportReporter -->
<testsuite hostname="DESKTOP-BIB7V58" failures="0" tests="1" name="ST.TC_018_AddNewAddress_Test" time="8.862" errors="0" timestamp="2024-04-26T15:20:17 IST" skipped="0">
  <testcase classname="ST.TC_018_AddNewAddress_Test" name="vaidateThatUserIsAbleToAddNewAddress" time="8.862"/>
  <system-out>
    <![CDATA[user is able to get Account Info Page
user is able to get Address Page
user is able to get new Address]]>
  </system-out>
</testsuite> <!-- ST.TC_018_AddNewAddress_Test -->
