<?xml version="1.0" encoding="UTF-8"?>
<!-- Generated by org.testng.reporters.JUnitReportReporter -->
<testsuite hostname="DESKTOP-BIB7V58" failures="0" tests="1" name="IT.TC_012_Account_Test" time="7.677" errors="0" timestamp="2024-04-29T15:20:00 IST" skipped="0">
  <testcase classname="IT.TC_012_Account_Test" name="valiadteThatUserIsAbleToGetAccountByEmail" time="7.677"/>
  <system-out>
    <![CDATA[user is able to get Account Info Page]]>
  </system-out>
</testsuite> <!-- IT.TC_012_Account_Test -->
