<?xml version="1.0" encoding="UTF-8"?>
<!-- Generated by org.testng.reporters.JUnitReportReporter -->
<testsuite hostname="DESKTOP-BIB7V58" failures="0" tests="1" name="IT.TC_007_CartItem_Test" time="12.089" errors="0" timestamp="2024-04-29T15:16:16 IST" skipped="0">
  <testcase classname="IT.TC_007_CartItem_Test" name="valiadteThatUserIsAbleToAddItemInCart" time="12.089"/>
  <system-out>
    <![CDATA[user is able to get Books Page
user is able to get Add to cart popup]]>
  </system-out>
</testsuite> <!-- IT.TC_007_CartItem_Test -->
