<?xml version="1.0" encoding="UTF-8"?>
<!-- Generated by org.testng.reporters.JUnitReportReporter -->
<testsuite hostname="DESKTOP-BIB7V58" failures="0" tests="1" name="ST.TC_016_OrderPlace_Test" time="20.410" errors="0" timestamp="2024-04-25T16:18:40 IST" skipped="0">
  <testcase classname="ST.TC_016_OrderPlace_Test" name="validateThatUserIsAbleToPlaceOrder" time="20.410"/>
  <system-out>
    <![CDATA[user is able to get Books Page
User is able to click shopping cart
user is able to get order checkout Page
user is able to place order sucessfully]]>
  </system-out>
</testsuite> <!-- ST.TC_016_OrderPlace_Test -->
