<?xml version="1.0" encoding="UTF-8"?>
<!-- Generated by org.testng.reporters.JUnitReportReporter -->
<testsuite hostname="DESKTOP-BIB7V58" failures="0" tests="1" name="FT.TC_005_Search_Test" time="5.313" errors="0" timestamp="2024-05-15T17:42:36 IST" skipped="0">
  <testcase classname="FT.TC_005_Search_Test" name="validateThatUserIsAbleToGetSearchPage" time="5.313"/>
  <system-out>
    <![CDATA[user is able to get searched page]]>
  </system-out>
</testsuite> <!-- FT.TC_005_Search_Test -->
