<?xml version="1.0" encoding="UTF-8"?>
<!-- Generated by org.testng.reporters.JUnitReportReporter -->
<testsuite hostname="DESKTOP-BIB7V58" failures="0" tests="1" name="ST.TC_016_AddNewAddress_Test" time="10.238" errors="0" timestamp="2024-04-29T15:28:00 IST" skipped="0">
  <testcase classname="ST.TC_016_AddNewAddress_Test" name="vaidateThatUserIsAbleToAddNewAddress" time="10.238"/>
  <system-out>
    <![CDATA[user is able to get Account Info Page
user is able to get Address Page
user is able to get new Address]]>
  </system-out>
</testsuite> <!-- ST.TC_016_AddNewAddress_Test -->
