<?xml version="1.0" encoding="UTF-8"?>
<!-- Generated by org.testng.reporters.JUnitReportReporter -->
<testsuite hostname="DESKTOP-BIB7V58" failures="0" tests="1" name="FT.TC_002_Login_Test" time="15.797" errors="0" timestamp="2024-04-29T13:59:40 IST" skipped="0">
  <testcase classname="FT.TC_002_Login_Test" name="validateThatUserIsAbleToLogin" time="15.797"/>
  <system-out>
    <![CDATA[User is able to maximize the screen
user is able to open url
user is able to get login page
user is able to send valid emailid
user is able to send valid password
user is able to click on remember checkbox
user is able to login into application
User is able to close browser]]>
  </system-out>
</testsuite> <!-- FT.TC_002_Login_Test -->
